=== SIGN IN ATTEMPT ===
Time: 2025-11-08 13:54:24
Email: samko.hula@gmail.com
Remember: No
IP: 127.0.0.1
=================================

=== SIGN IN ATTEMPT ===
Time: 2025-11-08 13:57:00
Email: samko.hula@gmail.com
Remember: No
IP: 127.0.0.1
=================================

=== SIGN IN ATTEMPT ===
Time: 2025-11-14 08:12:10
Email: samko.hula@gmail.com
Remember: No
IP: 127.0.0.1
=================================

=== SUCCESSFUL REGISTRATION ===
Time: 2025-11-14 09:00:41
User ID: 1
Name: Samuel Hula
Email: samko.hula@gmail.com
IP: 127.0.0.1
=================================

=== USER LOGOUT ===
Time: 2025-11-14 09:01:13
User ID: 1
Email: samko.hula@gmail.com
IP: 127.0.0.1
=================================

=== SUCCESSFUL LOGIN ===
Time: 2025-11-14 09:01:23
User ID: 1
Email: samko.hula@gmail.com
Remember: Yes
IP: 127.0.0.1
=================================

=== USER LOGOUT ===
Time: 2025-11-14 09:37:16
User ID: 1
Email: samko.hula@gmail.com
IP: 127.0.0.1
=================================

=== SUCCESSFUL LOGIN ===
Time: 2025-11-23 10:24:08
User ID: 1
Email: samko.hula@gmail.com
Remember: No
IP: 127.0.0.1
=================================

=== PASSWORD CHANGED ===
Time: 2025-11-23 12:14:27
User ID: 1
Email: samko.hula@gmail.com
IP: 127.0.0.1
=================================

=== USER LOGOUT ===
Time: 2025-11-23 12:14:31
User ID: 1
Email: samko.hula@gmail.com
IP: 127.0.0.1
=================================

=== SUCCESSFUL LOGIN ===
Time: 2025-11-23 12:14:51
User ID: 1
Email: samko.hula@gmail.com
Remember: No
IP: 127.0.0.1
=================================

=== SUCCESSFUL LOGIN ===
Time: 2025-11-23 13:51:38
User ID: 1
Email: samko.hula@gmail.com
Remember: No
IP: ::1
=================================

=== SUCCESSFUL LOGIN ===
Time: 2025-12-05 08:09:41
User ID: 1
Email: samko.hula@gmail.com
Remember: No
IP: 127.0.0.1
=================================

=== USER LOGOUT ===
Time: 2025-12-05 08:12:53
User ID: 1
Email: samko.hula@gmail.com
IP: 127.0.0.1
=================================

=== SUCCESSFUL LOGIN ===
Time: 2025-12-05 09:33:57
User ID: 1
Email: samko.hula@gmail.com
Remember: No
IP: 127.0.0.1
=================================

=== USER LOGOUT ===
Time: 2025-12-05 09:34:46
User ID: 1
Email: samko.hula@gmail.com
IP: 127.0.0.1
=================================

