=== NEW CONTACT FORM SUBMISSION ===
Time: 2025-10-17 09:23:27
Name: Samuel
Email: samko.hula@gmail.com
Subject: PHP
Message: Message
IP: 127.0.0.1
=================================

=== NEW CONTACT FORM SUBMISSION ===
Time: 2025-10-17 09:30:30
Name: Samuel
Email: samko.hula@gmail.com
Subject: PHP
Message: Hello
IP: 127.0.0.1
=================================

=== NEW CONTACT FORM SUBMISSION ===
Time: 2025-10-17 09:34:33
Name: Samuel
Email: samko.hula@gmail.com
Subject: PHP
Message: Hello
IP: 127.0.0.1
=================================

=== NEW CONTACT FORM SUBMISSION ===
Time: 2025-10-17 09:37:56
Name: Samuel
Email: samko.hula@gmail.com
Subject: PHP
Message: HH
IP: 127.0.0.1
=================================

=== NEW CONTACT FORM SUBMISSION ===
Time: 2025-11-14 08:22:14
Name: Samuel
Email: samko.hula@gmail.com
Subject: Inquiry about elements
Message: Test
IP: 127.0.0.1
=================================

